<?xml version="1.0" encoding="UTF-8"?>
<!-- Generated by org.testng.reporters.JUnitXMLReporter -->
<testsuite ignored="3" hostname="DESKTOP-T3AL1TR" failures="0" tests="2" name="Default test" time="2.536" errors="0" timestamp="2024-06-25T11:56:45 EET">
  <testcase classname="lesson9.TestCases" name="Login" time="0.434"/>
  <testcase classname="lesson9.TestCases" name="AddingPricesLessThan$15" time="0.214"/>
  <testcase classname="lesson9.TestCases" name="AddAllItems" time="0.0">
    <ignored/>
  </testcase> <!-- AddAllItems -->
  <testcase classname="lesson9.TestCases" name="AddOneItemsAfterTheOther" time="0.0">
    <ignored/>
  </testcase> <!-- AddOneItemsAfterTheOther -->
  <testcase classname="lesson9.TestCases" name="AddElementWithLabWord" time="0.0">
    <ignored/>
  </testcase> <!-- AddElementWithLabWord -->
</testsuite> <!-- Default test -->
