<?xml version="1.0" encoding="UTF-8"?>
<testng-results ignored="3" total="5" passed="2" failed="0" skipped="0">
  <reporter-output>
  </reporter-output>
  <suite started-at="2024-06-25T11:56:43 EET" name="Default suite" finished-at="2024-06-25T11:56:45 EET" duration-ms="2536">
    <groups>
    </groups>
    <test started-at="2024-06-25T11:56:43 EET" name="Default test" finished-at="2024-06-25T11:56:45 EET" duration-ms="2536">
      <class name="lesson9.TestCases">
        <test-method is-config="true" signature="MySetup()[pri:0, instance:lesson9.TestCases@59f63e24]" started-at="2024-06-25T11:56:43 EET" name="MySetup" finished-at="2024-06-25T11:56:44 EET" duration-ms="1852" status="PASS">
          <reporter-output>
          </reporter-output>
        </test-method> <!-- MySetup -->
        <test-method signature="Login()[pri:1, instance:lesson9.TestCases@59f63e24]" started-at="2024-06-25T11:56:45 EET" name="Login" finished-at="2024-06-25T11:56:45 EET" duration-ms="434" status="PASS">
          <reporter-output>
          </reporter-output>
        </test-method> <!-- Login -->
        <test-method signature="AddingPricesLessThan$15()[pri:5, instance:lesson9.TestCases@59f63e24]" started-at="2024-06-25T11:56:45 EET" name="AddingPricesLessThan$15" finished-at="2024-06-25T11:56:45 EET" duration-ms="214" status="PASS">
          <reporter-output>
          </reporter-output>
        </test-method> <!-- AddingPricesLessThan$15 -->
      </class> <!-- lesson9.TestCases -->
    </test> <!-- Default test -->
  </suite> <!-- Default suite -->
</testng-results>
